2015-10-21 13:28:32,893 - Log4JLogChute initialized using file 'velocity.log'
2015-10-21 13:28:32,893 - Velocity was not initialized! Calling init()...
2015-10-21 13:28:32,893 - Starting Apache Velocity v1.5 (compiled: 2007-02-22 08:52:29)
2015-10-21 13:28:32,893 - Default Properties File: org/apache/velocity/runtime/defaults/velocity.properties
2015-10-21 13:28:32,893 - Trying to use logger class org.apache.velocity.runtime.log.AvalonLogChute
2015-10-21 13:28:32,894 - Couldn't find class org.apache.velocity.runtime.log.AvalonLogChute or necessary supporting classes in classpath.
java.lang.NoClassDefFoundError: org/apache/log/format/Formatter
	at java.lang.Class.forName0(Native Method)
	at java.lang.Class.forName(Class.java:348)
	at org.apache.velocity.util.ClassUtils.getClass(ClassUtils.java:63)
	at org.apache.velocity.util.ClassUtils.getNewInstance(ClassUtils.java:95)
	at org.apache.velocity.runtime.log.LogManager.createLogChute(LogManager.java:147)
	at org.apache.velocity.runtime.log.LogManager.updateLog(LogManager.java:208)
	at org.apache.velocity.runtime.RuntimeInstance.initializeLog(RuntimeInstance.java:728)
	at org.apache.velocity.runtime.RuntimeInstance.init(RuntimeInstance.java:240)
	at org.apache.velocity.runtime.RuntimeInstance.parse(RuntimeInstance.java:993)
	at org.apache.velocity.runtime.RuntimeInstance.parse(RuntimeInstance.java:972)
	at org.apache.velocity.runtime.RuntimeSingleton.parse(RuntimeSingleton.java:265)
	at org.apache.velocity.app.Velocity.evaluate(Velocity.java:274)
	at org.sonatype.mavenbook.weather.WeatherFormatter.format(WeatherFormatter.java:21)
	at org.sonatype.mavenbook.weather.WeatherFormatterTest.testFormat(WeatherFormatterTest.java:23)
	at sun.reflect.NativeMethodAccessorImpl.invoke0(Native Method)
	at sun.reflect.NativeMethodAccessorImpl.invoke(NativeMethodAccessorImpl.java:62)
	at sun.reflect.DelegatingMethodAccessorImpl.invoke(DelegatingMethodAccessorImpl.java:43)
	at java.lang.reflect.Method.invoke(Method.java:497)
	at junit.framework.TestCase.runTest(TestCase.java:176)
	at junit.framework.TestCase.runBare(TestCase.java:141)
	at junit.framework.TestResult$1.protect(TestResult.java:122)
	at junit.framework.TestResult.runProtected(TestResult.java:142)
	at junit.framework.TestResult.run(TestResult.java:125)
	at junit.framework.TestCase.run(TestCase.java:129)
	at junit.framework.TestSuite.runTest(TestSuite.java:252)
	at junit.framework.TestSuite.run(TestSuite.java:247)
	at org.junit.internal.runners.JUnit38ClassRunner.run(JUnit38ClassRunner.java:86)
	at org.apache.maven.surefire.junit4.JUnit4TestSet.execute(JUnit4TestSet.java:53)
	at org.apache.maven.surefire.junit4.JUnit4Provider.executeTestSet(JUnit4Provider.java:123)
	at org.apache.maven.surefire.junit4.JUnit4Provider.invoke(JUnit4Provider.java:104)
	at sun.reflect.NativeMethodAccessorImpl.invoke0(Native Method)
	at sun.reflect.NativeMethodAccessorImpl.invoke(NativeMethodAccessorImpl.java:62)
	at sun.reflect.DelegatingMethodAccessorImpl.invoke(DelegatingMethodAccessorImpl.java:43)
	at java.lang.reflect.Method.invoke(Method.java:497)
	at org.apache.maven.surefire.util.ReflectionUtils.invokeMethodWithArray(ReflectionUtils.java:164)
	at org.apache.maven.surefire.booter.ProviderFactory$ProviderProxy.invoke(ProviderFactory.java:110)
	at org.apache.maven.surefire.booter.SurefireStarter.invokeProvider(SurefireStarter.java:175)
	at org.apache.maven.surefire.booter.SurefireStarter.runSuitesInProcessWhenForked(SurefireStarter.java:107)
	at org.apache.maven.surefire.booter.ForkedBooter.main(ForkedBooter.java:68)
Caused by: java.lang.ClassNotFoundException: org.apache.log.format.Formatter
	at java.net.URLClassLoader.findClass(URLClassLoader.java:381)
	at java.lang.ClassLoader.loadClass(ClassLoader.java:424)
	at sun.misc.Launcher$AppClassLoader.loadClass(Launcher.java:331)
	at java.lang.ClassLoader.loadClass(ClassLoader.java:357)
	... 39 more
2015-10-21 13:28:32,897 - Trying to use logger class org.apache.velocity.runtime.log.Log4JLogChute
2015-10-21 13:28:32,897 - Using logger class org.apache.velocity.runtime.log.Log4JLogChute
2015-10-21 13:28:32,899 - Default ResourceManager initializing. (class org.apache.velocity.runtime.resource.ResourceManagerImpl)
2015-10-21 13:28:32,901 - ResourceLoader instantiated: org.apache.velocity.runtime.resource.loader.FileResourceLoader
2015-10-21 13:28:32,903 - Do unicode file recognition:  false
2015-10-21 13:28:32,903 - FileResourceLoader : adding path '.'
2015-10-21 13:28:32,918 - ResourceCache: initialized (class org.apache.velocity.runtime.resource.ResourceCacheImpl)
2015-10-21 13:28:32,919 - Loaded System Directive: org.apache.velocity.runtime.directive.Literal
2015-10-21 13:28:32,920 - Loaded System Directive: org.apache.velocity.runtime.directive.Macro
2015-10-21 13:28:32,922 - Loaded System Directive: org.apache.velocity.runtime.directive.Parse
2015-10-21 13:28:32,932 - Loaded System Directive: org.apache.velocity.runtime.directive.Include
2015-10-21 13:28:32,938 - Loaded System Directive: org.apache.velocity.runtime.directive.Foreach
2015-10-21 13:28:32,967 - Created '20' parsers.
2015-10-21 13:28:32,977 - Velocimacro : "velocimacro.library" is not set.  Trying default library: VM_global_library.vm
2015-10-21 13:28:32,977 - Velocimacro : Default library not found.
2015-10-21 13:28:32,977 - Velocimacro : allowInline = true : VMs can be defined inline in templates
2015-10-21 13:28:32,977 - Velocimacro : allowInlineToOverride = false : VMs defined inline may NOT replace previous VM definitions
2015-10-21 13:28:32,977 - Velocimacro : allowInlineLocal = false : VMs defined inline will be global in scope if allowed.
2015-10-21 13:28:32,977 - Velocimacro : autoload off : VM system will not automatically reload global library macros
2015-10-21 13:41:36,525 - Log4JLogChute initialized using file 'velocity.log'
2015-10-21 13:41:36,525 - Velocity was not initialized! Calling init()...
2015-10-21 13:41:36,525 - Starting Apache Velocity v1.5 (compiled: 2007-02-22 08:52:29)
2015-10-21 13:41:36,525 - Default Properties File: org/apache/velocity/runtime/defaults/velocity.properties
2015-10-21 13:41:36,525 - Trying to use logger class org.apache.velocity.runtime.log.AvalonLogChute
2015-10-21 13:41:36,526 - Couldn't find class org.apache.velocity.runtime.log.AvalonLogChute or necessary supporting classes in classpath.
java.lang.NoClassDefFoundError: org/apache/log/format/Formatter
	at java.lang.Class.forName0(Native Method)
	at java.lang.Class.forName(Class.java:348)
	at org.apache.velocity.util.ClassUtils.getClass(ClassUtils.java:63)
	at org.apache.velocity.util.ClassUtils.getNewInstance(ClassUtils.java:95)
	at org.apache.velocity.runtime.log.LogManager.createLogChute(LogManager.java:147)
	at org.apache.velocity.runtime.log.LogManager.updateLog(LogManager.java:208)
	at org.apache.velocity.runtime.RuntimeInstance.initializeLog(RuntimeInstance.java:728)
	at org.apache.velocity.runtime.RuntimeInstance.init(RuntimeInstance.java:240)
	at org.apache.velocity.runtime.RuntimeInstance.parse(RuntimeInstance.java:993)
	at org.apache.velocity.runtime.RuntimeInstance.parse(RuntimeInstance.java:972)
	at org.apache.velocity.runtime.RuntimeSingleton.parse(RuntimeSingleton.java:265)
	at org.apache.velocity.app.Velocity.evaluate(Velocity.java:274)
	at org.sonatype.mavenbook.weather.WeatherFormatter.format(WeatherFormatter.java:21)
	at org.sonatype.mavenbook.weather.Main.start(Main.java:38)
	at org.sonatype.mavenbook.weather.Main.main(Main.java:21)
Caused by: java.lang.ClassNotFoundException: org.apache.log.format.Formatter
	at java.net.URLClassLoader.findClass(URLClassLoader.java:381)
	at java.lang.ClassLoader.loadClass(ClassLoader.java:424)
	at sun.misc.Launcher$AppClassLoader.loadClass(Launcher.java:331)
	at java.lang.ClassLoader.loadClass(ClassLoader.java:357)
	... 15 more
2015-10-21 13:41:36,527 - Trying to use logger class org.apache.velocity.runtime.log.Log4JLogChute
2015-10-21 13:41:36,527 - Using logger class org.apache.velocity.runtime.log.Log4JLogChute
2015-10-21 13:41:36,529 - Default ResourceManager initializing. (class org.apache.velocity.runtime.resource.ResourceManagerImpl)
2015-10-21 13:41:36,531 - ResourceLoader instantiated: org.apache.velocity.runtime.resource.loader.FileResourceLoader
2015-10-21 13:41:36,532 - Do unicode file recognition:  false
2015-10-21 13:41:36,532 - FileResourceLoader : adding path '.'
2015-10-21 13:41:36,538 - ResourceCache: initialized (class org.apache.velocity.runtime.resource.ResourceCacheImpl)
2015-10-21 13:41:36,538 - Loaded System Directive: org.apache.velocity.runtime.directive.Literal
2015-10-21 13:41:36,539 - Loaded System Directive: org.apache.velocity.runtime.directive.Macro
2015-10-21 13:41:36,540 - Loaded System Directive: org.apache.velocity.runtime.directive.Parse
2015-10-21 13:41:36,540 - Loaded System Directive: org.apache.velocity.runtime.directive.Include
2015-10-21 13:41:36,541 - Loaded System Directive: org.apache.velocity.runtime.directive.Foreach
2015-10-21 13:41:36,557 - Created '20' parsers.
2015-10-21 13:41:36,560 - Velocimacro : "velocimacro.library" is not set.  Trying default library: VM_global_library.vm
2015-10-21 13:41:36,560 - Velocimacro : Default library not found.
2015-10-21 13:41:36,561 - Velocimacro : allowInline = true : VMs can be defined inline in templates
2015-10-21 13:41:36,561 - Velocimacro : allowInlineToOverride = false : VMs defined inline may NOT replace previous VM definitions
2015-10-21 13:41:36,561 - Velocimacro : allowInlineLocal = false : VMs defined inline will be global in scope if allowed.
2015-10-21 13:41:36,561 - Velocimacro : autoload off : VM system will not automatically reload global library macros
2015-10-21 13:43:02,173 - Log4JLogChute initialized using file 'velocity.log'
2015-10-21 13:43:02,173 - Velocity was not initialized! Calling init()...
2015-10-21 13:43:02,173 - Starting Apache Velocity v1.5 (compiled: 2007-02-22 08:52:29)
2015-10-21 13:43:02,173 - Default Properties File: org/apache/velocity/runtime/defaults/velocity.properties
2015-10-21 13:43:02,173 - Trying to use logger class org.apache.velocity.runtime.log.AvalonLogChute
2015-10-21 13:43:02,174 - Couldn't find class org.apache.velocity.runtime.log.AvalonLogChute or necessary supporting classes in classpath.
java.lang.NoClassDefFoundError: org/apache/log/format/Formatter
	at java.lang.Class.forName0(Native Method)
	at java.lang.Class.forName(Class.java:348)
	at org.apache.velocity.util.ClassUtils.getClass(ClassUtils.java:63)
	at org.apache.velocity.util.ClassUtils.getNewInstance(ClassUtils.java:95)
	at org.apache.velocity.runtime.log.LogManager.createLogChute(LogManager.java:147)
	at org.apache.velocity.runtime.log.LogManager.updateLog(LogManager.java:208)
	at org.apache.velocity.runtime.RuntimeInstance.initializeLog(RuntimeInstance.java:728)
	at org.apache.velocity.runtime.RuntimeInstance.init(RuntimeInstance.java:240)
	at org.apache.velocity.runtime.RuntimeInstance.parse(RuntimeInstance.java:993)
	at org.apache.velocity.runtime.RuntimeInstance.parse(RuntimeInstance.java:972)
	at org.apache.velocity.runtime.RuntimeSingleton.parse(RuntimeSingleton.java:265)
	at org.apache.velocity.app.Velocity.evaluate(Velocity.java:274)
	at org.sonatype.mavenbook.weather.WeatherFormatter.format(WeatherFormatter.java:21)
	at org.sonatype.mavenbook.weather.Main.start(Main.java:38)
	at org.sonatype.mavenbook.weather.Main.main(Main.java:21)
Caused by: java.lang.ClassNotFoundException: org.apache.log.format.Formatter
	at java.net.URLClassLoader.findClass(URLClassLoader.java:381)
	at java.lang.ClassLoader.loadClass(ClassLoader.java:424)
	at sun.misc.Launcher$AppClassLoader.loadClass(Launcher.java:331)
	at java.lang.ClassLoader.loadClass(ClassLoader.java:357)
	... 15 more
2015-10-21 13:43:02,175 - Trying to use logger class org.apache.velocity.runtime.log.Log4JLogChute
2015-10-21 13:43:02,175 - Using logger class org.apache.velocity.runtime.log.Log4JLogChute
2015-10-21 13:43:02,176 - Default ResourceManager initializing. (class org.apache.velocity.runtime.resource.ResourceManagerImpl)
2015-10-21 13:43:02,178 - ResourceLoader instantiated: org.apache.velocity.runtime.resource.loader.FileResourceLoader
2015-10-21 13:43:02,178 - Do unicode file recognition:  false
2015-10-21 13:43:02,178 - FileResourceLoader : adding path '.'
2015-10-21 13:43:02,184 - ResourceCache: initialized (class org.apache.velocity.runtime.resource.ResourceCacheImpl)
2015-10-21 13:43:02,185 - Loaded System Directive: org.apache.velocity.runtime.directive.Literal
2015-10-21 13:43:02,186 - Loaded System Directive: org.apache.velocity.runtime.directive.Macro
2015-10-21 13:43:02,186 - Loaded System Directive: org.apache.velocity.runtime.directive.Parse
2015-10-21 13:43:02,187 - Loaded System Directive: org.apache.velocity.runtime.directive.Include
2015-10-21 13:43:02,187 - Loaded System Directive: org.apache.velocity.runtime.directive.Foreach
2015-10-21 13:43:02,207 - Created '20' parsers.
2015-10-21 13:43:02,210 - Velocimacro : "velocimacro.library" is not set.  Trying default library: VM_global_library.vm
2015-10-21 13:43:02,210 - Velocimacro : Default library not found.
2015-10-21 13:43:02,210 - Velocimacro : allowInline = true : VMs can be defined inline in templates
2015-10-21 13:43:02,210 - Velocimacro : allowInlineToOverride = false : VMs defined inline may NOT replace previous VM definitions
2015-10-21 13:43:02,210 - Velocimacro : allowInlineLocal = false : VMs defined inline will be global in scope if allowed.
2015-10-21 13:43:02,210 - Velocimacro : autoload off : VM system will not automatically reload global library macros
2015-10-21 13:46:54,779 - Log4JLogChute initialized using file 'velocity.log'
2015-10-21 13:46:54,780 - Velocity was not initialized! Calling init()...
2015-10-21 13:46:54,780 - Starting Apache Velocity v1.5 (compiled: 2007-02-22 08:52:29)
2015-10-21 13:46:54,780 - Default Properties File: org/apache/velocity/runtime/defaults/velocity.properties
2015-10-21 13:46:54,780 - Trying to use logger class org.apache.velocity.runtime.log.AvalonLogChute
2015-10-21 13:46:54,780 - Couldn't find class org.apache.velocity.runtime.log.AvalonLogChute or necessary supporting classes in classpath.
java.lang.NoClassDefFoundError: org/apache/log/format/Formatter
	at java.lang.Class.forName0(Native Method)
	at java.lang.Class.forName(Class.java:348)
	at org.apache.velocity.util.ClassUtils.getClass(ClassUtils.java:63)
	at org.apache.velocity.util.ClassUtils.getNewInstance(ClassUtils.java:95)
	at org.apache.velocity.runtime.log.LogManager.createLogChute(LogManager.java:147)
	at org.apache.velocity.runtime.log.LogManager.updateLog(LogManager.java:208)
	at org.apache.velocity.runtime.RuntimeInstance.initializeLog(RuntimeInstance.java:728)
	at org.apache.velocity.runtime.RuntimeInstance.init(RuntimeInstance.java:240)
	at org.apache.velocity.runtime.RuntimeInstance.parse(RuntimeInstance.java:993)
	at org.apache.velocity.runtime.RuntimeInstance.parse(RuntimeInstance.java:972)
	at org.apache.velocity.runtime.RuntimeSingleton.parse(RuntimeSingleton.java:265)
	at org.apache.velocity.app.Velocity.evaluate(Velocity.java:274)
	at org.sonatype.mavenbook.weather.WeatherFormatter.format(WeatherFormatter.java:21)
	at org.sonatype.mavenbook.weather.Main.start(Main.java:38)
	at org.sonatype.mavenbook.weather.Main.main(Main.java:21)
Caused by: java.lang.ClassNotFoundException: org.apache.log.format.Formatter
	at java.net.URLClassLoader.findClass(URLClassLoader.java:381)
	at java.lang.ClassLoader.loadClass(ClassLoader.java:424)
	at sun.misc.Launcher$AppClassLoader.loadClass(Launcher.java:331)
	at java.lang.ClassLoader.loadClass(ClassLoader.java:357)
	... 15 more
2015-10-21 13:46:54,782 - Trying to use logger class org.apache.velocity.runtime.log.Log4JLogChute
2015-10-21 13:46:54,782 - Using logger class org.apache.velocity.runtime.log.Log4JLogChute
2015-10-21 13:46:54,783 - Default ResourceManager initializing. (class org.apache.velocity.runtime.resource.ResourceManagerImpl)
2015-10-21 13:46:54,785 - ResourceLoader instantiated: org.apache.velocity.runtime.resource.loader.FileResourceLoader
2015-10-21 13:46:54,785 - Do unicode file recognition:  false
2015-10-21 13:46:54,785 - FileResourceLoader : adding path '.'
2015-10-21 13:46:54,792 - ResourceCache: initialized (class org.apache.velocity.runtime.resource.ResourceCacheImpl)
2015-10-21 13:46:54,793 - Loaded System Directive: org.apache.velocity.runtime.directive.Literal
2015-10-21 13:46:54,793 - Loaded System Directive: org.apache.velocity.runtime.directive.Macro
2015-10-21 13:46:54,794 - Loaded System Directive: org.apache.velocity.runtime.directive.Parse
2015-10-21 13:46:54,795 - Loaded System Directive: org.apache.velocity.runtime.directive.Include
2015-10-21 13:46:54,795 - Loaded System Directive: org.apache.velocity.runtime.directive.Foreach
2015-10-21 13:46:54,811 - Created '20' parsers.
2015-10-21 13:46:54,814 - Velocimacro : "velocimacro.library" is not set.  Trying default library: VM_global_library.vm
2015-10-21 13:46:54,815 - Velocimacro : Default library not found.
2015-10-21 13:46:54,815 - Velocimacro : allowInline = true : VMs can be defined inline in templates
2015-10-21 13:46:54,815 - Velocimacro : allowInlineToOverride = false : VMs defined inline may NOT replace previous VM definitions
2015-10-21 13:46:54,815 - Velocimacro : allowInlineLocal = false : VMs defined inline will be global in scope if allowed.
2015-10-21 13:46:54,815 - Velocimacro : autoload off : VM system will not automatically reload global library macros
2015-10-21 13:53:43,563 - Log4JLogChute initialized using file 'velocity.log'
2015-10-21 13:53:43,563 - Velocity was not initialized! Calling init()...
2015-10-21 13:53:43,563 - Starting Apache Velocity v1.5 (compiled: 2007-02-22 08:52:29)
2015-10-21 13:53:43,563 - Default Properties File: org/apache/velocity/runtime/defaults/velocity.properties
2015-10-21 13:53:43,563 - Trying to use logger class org.apache.velocity.runtime.log.AvalonLogChute
2015-10-21 13:53:43,564 - Couldn't find class org.apache.velocity.runtime.log.AvalonLogChute or necessary supporting classes in classpath.
java.lang.NoClassDefFoundError: org/apache/log/format/Formatter
	at java.lang.Class.forName0(Native Method)
	at java.lang.Class.forName(Class.java:348)
	at org.apache.velocity.util.ClassUtils.getClass(ClassUtils.java:63)
	at org.apache.velocity.util.ClassUtils.getNewInstance(ClassUtils.java:95)
	at org.apache.velocity.runtime.log.LogManager.createLogChute(LogManager.java:147)
	at org.apache.velocity.runtime.log.LogManager.updateLog(LogManager.java:208)
	at org.apache.velocity.runtime.RuntimeInstance.initializeLog(RuntimeInstance.java:728)
	at org.apache.velocity.runtime.RuntimeInstance.init(RuntimeInstance.java:240)
	at org.apache.velocity.runtime.RuntimeInstance.parse(RuntimeInstance.java:993)
	at org.apache.velocity.runtime.RuntimeInstance.parse(RuntimeInstance.java:972)
	at org.apache.velocity.runtime.RuntimeSingleton.parse(RuntimeSingleton.java:265)
	at org.apache.velocity.app.Velocity.evaluate(Velocity.java:274)
	at org.sonatype.mavenbook.weather.WeatherFormatter.format(WeatherFormatter.java:21)
	at org.sonatype.mavenbook.weather.Main.start(Main.java:38)
	at org.sonatype.mavenbook.weather.Main.main(Main.java:21)
Caused by: java.lang.ClassNotFoundException: org.apache.log.format.Formatter
	at java.net.URLClassLoader.findClass(URLClassLoader.java:381)
	at java.lang.ClassLoader.loadClass(ClassLoader.java:424)
	at sun.misc.Launcher$AppClassLoader.loadClass(Launcher.java:331)
	at java.lang.ClassLoader.loadClass(ClassLoader.java:357)
	... 15 more
2015-10-21 13:53:43,565 - Trying to use logger class org.apache.velocity.runtime.log.Log4JLogChute
2015-10-21 13:53:43,565 - Using logger class org.apache.velocity.runtime.log.Log4JLogChute
2015-10-21 13:53:43,566 - Default ResourceManager initializing. (class org.apache.velocity.runtime.resource.ResourceManagerImpl)
2015-10-21 13:53:43,567 - ResourceLoader instantiated: org.apache.velocity.runtime.resource.loader.FileResourceLoader
2015-10-21 13:53:43,568 - Do unicode file recognition:  false
2015-10-21 13:53:43,568 - FileResourceLoader : adding path '.'
2015-10-21 13:53:43,574 - ResourceCache: initialized (class org.apache.velocity.runtime.resource.ResourceCacheImpl)
2015-10-21 13:53:43,574 - Loaded System Directive: org.apache.velocity.runtime.directive.Literal
2015-10-21 13:53:43,575 - Loaded System Directive: org.apache.velocity.runtime.directive.Macro
2015-10-21 13:53:43,576 - Loaded System Directive: org.apache.velocity.runtime.directive.Parse
2015-10-21 13:53:43,576 - Loaded System Directive: org.apache.velocity.runtime.directive.Include
2015-10-21 13:53:43,577 - Loaded System Directive: org.apache.velocity.runtime.directive.Foreach
2015-10-21 13:53:43,593 - Created '20' parsers.
2015-10-21 13:53:43,597 - Velocimacro : "velocimacro.library" is not set.  Trying default library: VM_global_library.vm
2015-10-21 13:53:43,597 - Velocimacro : Default library not found.
2015-10-21 13:53:43,597 - Velocimacro : allowInline = true : VMs can be defined inline in templates
2015-10-21 13:53:43,597 - Velocimacro : allowInlineToOverride = false : VMs defined inline may NOT replace previous VM definitions
2015-10-21 13:53:43,597 - Velocimacro : allowInlineLocal = false : VMs defined inline will be global in scope if allowed.
2015-10-21 13:53:43,597 - Velocimacro : autoload off : VM system will not automatically reload global library macros
2015-10-21 13:59:31,060 - Log4JLogChute initialized using file 'velocity.log'
2015-10-21 13:59:31,061 - Velocity was not initialized! Calling init()...
2015-10-21 13:59:31,061 - Starting Apache Velocity v1.5 (compiled: 2007-02-22 08:52:29)
2015-10-21 13:59:31,061 - Default Properties File: org/apache/velocity/runtime/defaults/velocity.properties
2015-10-21 13:59:31,061 - Trying to use logger class org.apache.velocity.runtime.log.AvalonLogChute
2015-10-21 13:59:31,062 - Couldn't find class org.apache.velocity.runtime.log.AvalonLogChute or necessary supporting classes in classpath.
java.lang.NoClassDefFoundError: org/apache/log/format/Formatter
	at java.lang.Class.forName0(Native Method)
	at java.lang.Class.forName(Class.java:348)
	at org.apache.velocity.util.ClassUtils.getClass(ClassUtils.java:63)
	at org.apache.velocity.util.ClassUtils.getNewInstance(ClassUtils.java:95)
	at org.apache.velocity.runtime.log.LogManager.createLogChute(LogManager.java:147)
	at org.apache.velocity.runtime.log.LogManager.updateLog(LogManager.java:208)
	at org.apache.velocity.runtime.RuntimeInstance.initializeLog(RuntimeInstance.java:728)
	at org.apache.velocity.runtime.RuntimeInstance.init(RuntimeInstance.java:240)
	at org.apache.velocity.runtime.RuntimeInstance.parse(RuntimeInstance.java:993)
	at org.apache.velocity.runtime.RuntimeInstance.parse(RuntimeInstance.java:972)
	at org.apache.velocity.runtime.RuntimeSingleton.parse(RuntimeSingleton.java:265)
	at org.apache.velocity.app.Velocity.evaluate(Velocity.java:274)
	at org.sonatype.mavenbook.weather.WeatherFormatter.format(WeatherFormatter.java:21)
	at org.sonatype.mavenbook.weather.WeatherFormatterTest.testFormat(WeatherFormatterTest.java:23)
	at sun.reflect.NativeMethodAccessorImpl.invoke0(Native Method)
	at sun.reflect.NativeMethodAccessorImpl.invoke(NativeMethodAccessorImpl.java:62)
	at sun.reflect.DelegatingMethodAccessorImpl.invoke(DelegatingMethodAccessorImpl.java:43)
	at java.lang.reflect.Method.invoke(Method.java:497)
	at junit.framework.TestCase.runTest(TestCase.java:176)
	at junit.framework.TestCase.runBare(TestCase.java:141)
	at junit.framework.TestResult$1.protect(TestResult.java:122)
	at junit.framework.TestResult.runProtected(TestResult.java:142)
	at junit.framework.TestResult.run(TestResult.java:125)
	at junit.framework.TestCase.run(TestCase.java:129)
	at junit.framework.TestSuite.runTest(TestSuite.java:252)
	at junit.framework.TestSuite.run(TestSuite.java:247)
	at org.junit.internal.runners.JUnit38ClassRunner.run(JUnit38ClassRunner.java:86)
	at org.apache.maven.surefire.junit4.JUnit4TestSet.execute(JUnit4TestSet.java:53)
	at org.apache.maven.surefire.junit4.JUnit4Provider.executeTestSet(JUnit4Provider.java:123)
	at org.apache.maven.surefire.junit4.JUnit4Provider.invoke(JUnit4Provider.java:104)
	at sun.reflect.NativeMethodAccessorImpl.invoke0(Native Method)
	at sun.reflect.NativeMethodAccessorImpl.invoke(NativeMethodAccessorImpl.java:62)
	at sun.reflect.DelegatingMethodAccessorImpl.invoke(DelegatingMethodAccessorImpl.java:43)
	at java.lang.reflect.Method.invoke(Method.java:497)
	at org.apache.maven.surefire.util.ReflectionUtils.invokeMethodWithArray(ReflectionUtils.java:164)
	at org.apache.maven.surefire.booter.ProviderFactory$ProviderProxy.invoke(ProviderFactory.java:110)
	at org.apache.maven.surefire.booter.SurefireStarter.invokeProvider(SurefireStarter.java:175)
	at org.apache.maven.surefire.booter.SurefireStarter.runSuitesInProcessWhenForked(SurefireStarter.java:107)
	at org.apache.maven.surefire.booter.ForkedBooter.main(ForkedBooter.java:68)
Caused by: java.lang.ClassNotFoundException: org.apache.log.format.Formatter
	at java.net.URLClassLoader.findClass(URLClassLoader.java:381)
	at java.lang.ClassLoader.loadClass(ClassLoader.java:424)
	at sun.misc.Launcher$AppClassLoader.loadClass(Launcher.java:331)
	at java.lang.ClassLoader.loadClass(ClassLoader.java:357)
	... 39 more
2015-10-21 13:59:31,064 - Trying to use logger class org.apache.velocity.runtime.log.Log4JLogChute
2015-10-21 13:59:31,064 - Using logger class org.apache.velocity.runtime.log.Log4JLogChute
2015-10-21 13:59:31,065 - Default ResourceManager initializing. (class org.apache.velocity.runtime.resource.ResourceManagerImpl)
2015-10-21 13:59:31,067 - ResourceLoader instantiated: org.apache.velocity.runtime.resource.loader.FileResourceLoader
2015-10-21 13:59:31,067 - Do unicode file recognition:  false
2015-10-21 13:59:31,067 - FileResourceLoader : adding path '.'
2015-10-21 13:59:31,075 - ResourceCache: initialized (class org.apache.velocity.runtime.resource.ResourceCacheImpl)
2015-10-21 13:59:31,075 - Loaded System Directive: org.apache.velocity.runtime.directive.Literal
2015-10-21 13:59:31,076 - Loaded System Directive: org.apache.velocity.runtime.directive.Macro
2015-10-21 13:59:31,076 - Loaded System Directive: org.apache.velocity.runtime.directive.Parse
2015-10-21 13:59:31,077 - Loaded System Directive: org.apache.velocity.runtime.directive.Include
2015-10-21 13:59:31,080 - Loaded System Directive: org.apache.velocity.runtime.directive.Foreach
2015-10-21 13:59:31,095 - Created '20' parsers.
2015-10-21 13:59:31,098 - Velocimacro : "velocimacro.library" is not set.  Trying default library: VM_global_library.vm
2015-10-21 13:59:31,099 - Velocimacro : Default library not found.
2015-10-21 13:59:31,099 - Velocimacro : allowInline = true : VMs can be defined inline in templates
2015-10-21 13:59:31,099 - Velocimacro : allowInlineToOverride = false : VMs defined inline may NOT replace previous VM definitions
2015-10-21 13:59:31,099 - Velocimacro : allowInlineLocal = false : VMs defined inline will be global in scope if allowed.
2015-10-21 13:59:31,099 - Velocimacro : autoload off : VM system will not automatically reload global library macros
2015-10-21 14:00:23,447 - Log4JLogChute initialized using file 'velocity.log'
2015-10-21 14:00:23,447 - Velocity was not initialized! Calling init()...
2015-10-21 14:00:23,447 - Starting Apache Velocity v1.5 (compiled: 2007-02-22 08:52:29)
2015-10-21 14:00:23,447 - Default Properties File: org/apache/velocity/runtime/defaults/velocity.properties
2015-10-21 14:00:23,447 - Trying to use logger class org.apache.velocity.runtime.log.AvalonLogChute
2015-10-21 14:00:23,448 - Couldn't find class org.apache.velocity.runtime.log.AvalonLogChute or necessary supporting classes in classpath.
java.lang.NoClassDefFoundError: org/apache/log/format/Formatter
	at java.lang.Class.forName0(Native Method)
	at java.lang.Class.forName(Class.java:348)
	at org.apache.velocity.util.ClassUtils.getClass(ClassUtils.java:63)
	at org.apache.velocity.util.ClassUtils.getNewInstance(ClassUtils.java:95)
	at org.apache.velocity.runtime.log.LogManager.createLogChute(LogManager.java:147)
	at org.apache.velocity.runtime.log.LogManager.updateLog(LogManager.java:208)
	at org.apache.velocity.runtime.RuntimeInstance.initializeLog(RuntimeInstance.java:728)
	at org.apache.velocity.runtime.RuntimeInstance.init(RuntimeInstance.java:240)
	at org.apache.velocity.runtime.RuntimeInstance.parse(RuntimeInstance.java:993)
	at org.apache.velocity.runtime.RuntimeInstance.parse(RuntimeInstance.java:972)
	at org.apache.velocity.runtime.RuntimeSingleton.parse(RuntimeSingleton.java:265)
	at org.apache.velocity.app.Velocity.evaluate(Velocity.java:274)
	at org.sonatype.mavenbook.weather.WeatherFormatter.format(WeatherFormatter.java:21)
	at org.sonatype.mavenbook.weather.Main.start(Main.java:38)
	at org.sonatype.mavenbook.weather.Main.main(Main.java:21)
Caused by: java.lang.ClassNotFoundException: org.apache.log.format.Formatter
	at java.net.URLClassLoader.findClass(URLClassLoader.java:381)
	at java.lang.ClassLoader.loadClass(ClassLoader.java:424)
	at sun.misc.Launcher$AppClassLoader.loadClass(Launcher.java:331)
	at java.lang.ClassLoader.loadClass(ClassLoader.java:357)
	... 15 more
2015-10-21 14:00:23,449 - Trying to use logger class org.apache.velocity.runtime.log.Log4JLogChute
2015-10-21 14:00:23,449 - Using logger class org.apache.velocity.runtime.log.Log4JLogChute
2015-10-21 14:00:23,450 - Default ResourceManager initializing. (class org.apache.velocity.runtime.resource.ResourceManagerImpl)
2015-10-21 14:00:23,451 - ResourceLoader instantiated: org.apache.velocity.runtime.resource.loader.FileResourceLoader
2015-10-21 14:00:23,452 - Do unicode file recognition:  false
2015-10-21 14:00:23,452 - FileResourceLoader : adding path '.'
2015-10-21 14:00:23,458 - ResourceCache: initialized (class org.apache.velocity.runtime.resource.ResourceCacheImpl)
2015-10-21 14:00:23,459 - Loaded System Directive: org.apache.velocity.runtime.directive.Literal
2015-10-21 14:00:23,460 - Loaded System Directive: org.apache.velocity.runtime.directive.Macro
2015-10-21 14:00:23,461 - Loaded System Directive: org.apache.velocity.runtime.directive.Parse
2015-10-21 14:00:23,461 - Loaded System Directive: org.apache.velocity.runtime.directive.Include
2015-10-21 14:00:23,462 - Loaded System Directive: org.apache.velocity.runtime.directive.Foreach
2015-10-21 14:00:23,476 - Created '20' parsers.
2015-10-21 14:00:23,479 - Velocimacro : "velocimacro.library" is not set.  Trying default library: VM_global_library.vm
2015-10-21 14:00:23,480 - Velocimacro : Default library not found.
2015-10-21 14:00:23,480 - Velocimacro : allowInline = true : VMs can be defined inline in templates
2015-10-21 14:00:23,480 - Velocimacro : allowInlineToOverride = false : VMs defined inline may NOT replace previous VM definitions
2015-10-21 14:00:23,480 - Velocimacro : allowInlineLocal = false : VMs defined inline will be global in scope if allowed.
2015-10-21 14:00:23,480 - Velocimacro : autoload off : VM system will not automatically reload global library macros
2015-10-21 14:01:09,391 - Log4JLogChute initialized using file 'velocity.log'
2015-10-21 14:01:09,392 - Velocity was not initialized! Calling init()...
2015-10-21 14:01:09,392 - Starting Apache Velocity v1.5 (compiled: 2007-02-22 08:52:29)
2015-10-21 14:01:09,392 - Default Properties File: org/apache/velocity/runtime/defaults/velocity.properties
2015-10-21 14:01:09,392 - Trying to use logger class org.apache.velocity.runtime.log.AvalonLogChute
2015-10-21 14:01:09,392 - Couldn't find class org.apache.velocity.runtime.log.AvalonLogChute or necessary supporting classes in classpath.
java.lang.NoClassDefFoundError: org/apache/log/format/Formatter
	at java.lang.Class.forName0(Native Method)
	at java.lang.Class.forName(Class.java:348)
	at org.apache.velocity.util.ClassUtils.getClass(ClassUtils.java:63)
	at org.apache.velocity.util.ClassUtils.getNewInstance(ClassUtils.java:95)
	at org.apache.velocity.runtime.log.LogManager.createLogChute(LogManager.java:147)
	at org.apache.velocity.runtime.log.LogManager.updateLog(LogManager.java:208)
	at org.apache.velocity.runtime.RuntimeInstance.initializeLog(RuntimeInstance.java:728)
	at org.apache.velocity.runtime.RuntimeInstance.init(RuntimeInstance.java:240)
	at org.apache.velocity.runtime.RuntimeInstance.parse(RuntimeInstance.java:993)
	at org.apache.velocity.runtime.RuntimeInstance.parse(RuntimeInstance.java:972)
	at org.apache.velocity.runtime.RuntimeSingleton.parse(RuntimeSingleton.java:265)
	at org.apache.velocity.app.Velocity.evaluate(Velocity.java:274)
	at org.sonatype.mavenbook.weather.WeatherFormatter.format(WeatherFormatter.java:21)
	at org.sonatype.mavenbook.weather.Main.start(Main.java:38)
	at org.sonatype.mavenbook.weather.Main.main(Main.java:21)
Caused by: java.lang.ClassNotFoundException: org.apache.log.format.Formatter
	at java.net.URLClassLoader.findClass(URLClassLoader.java:381)
	at java.lang.ClassLoader.loadClass(ClassLoader.java:424)
	at sun.misc.Launcher$AppClassLoader.loadClass(Launcher.java:331)
	at java.lang.ClassLoader.loadClass(ClassLoader.java:357)
	... 15 more
2015-10-21 14:01:09,394 - Trying to use logger class org.apache.velocity.runtime.log.Log4JLogChute
2015-10-21 14:01:09,394 - Using logger class org.apache.velocity.runtime.log.Log4JLogChute
2015-10-21 14:01:09,395 - Default ResourceManager initializing. (class org.apache.velocity.runtime.resource.ResourceManagerImpl)
2015-10-21 14:01:09,397 - ResourceLoader instantiated: org.apache.velocity.runtime.resource.loader.FileResourceLoader
2015-10-21 14:01:09,397 - Do unicode file recognition:  false
2015-10-21 14:01:09,398 - FileResourceLoader : adding path '.'
2015-10-21 14:01:09,403 - ResourceCache: initialized (class org.apache.velocity.runtime.resource.ResourceCacheImpl)
2015-10-21 14:01:09,404 - Loaded System Directive: org.apache.velocity.runtime.directive.Literal
2015-10-21 14:01:09,405 - Loaded System Directive: org.apache.velocity.runtime.directive.Macro
2015-10-21 14:01:09,406 - Loaded System Directive: org.apache.velocity.runtime.directive.Parse
2015-10-21 14:01:09,406 - Loaded System Directive: org.apache.velocity.runtime.directive.Include
2015-10-21 14:01:09,407 - Loaded System Directive: org.apache.velocity.runtime.directive.Foreach
2015-10-21 14:01:09,422 - Created '20' parsers.
2015-10-21 14:01:09,425 - Velocimacro : "velocimacro.library" is not set.  Trying default library: VM_global_library.vm
2015-10-21 14:01:09,425 - Velocimacro : Default library not found.
2015-10-21 14:01:09,425 - Velocimacro : allowInline = true : VMs can be defined inline in templates
2015-10-21 14:01:09,425 - Velocimacro : allowInlineToOverride = false : VMs defined inline may NOT replace previous VM definitions
2015-10-21 14:01:09,425 - Velocimacro : allowInlineLocal = false : VMs defined inline will be global in scope if allowed.
2015-10-21 14:01:09,425 - Velocimacro : autoload off : VM system will not automatically reload global library macros
